<?xml version="1.0" encoding="UTF-8"?>
<testng-results ignored="0" total="1" passed="1" failed="0" skipped="0">
  <reporter-output>
  </reporter-output>
  <suite started-at="2025-10-07T19:47:28 ICT" name="Surefire suite" finished-at="2025-10-07T19:47:32 ICT" duration-ms="4366">
    <groups>
    </groups>
    <test started-at="2025-10-07T19:47:28 ICT" name="Surefire test" finished-at="2025-10-07T19:47:32 ICT" duration-ms="4366">
      <class name="tests.LoginTest">
        <test-method is-config="true" signature="setup(java.lang.String)[pri:0, instance:tests.LoginTest@c540f5a]" started-at="2025-10-07T19:47:28 ICT" name="setup" finished-at="2025-10-07T19:47:32 ICT" duration-ms="3877" status="PASS">
          <params>
            <param index="0">
              <value>
                <![CDATA[chrome]]>
              </value>
            </param>
          </params>
          <reporter-output>
          </reporter-output>
        </test-method> <!-- setup -->
        <test-method signature="test_valid_login()[pri:0, instance:tests.LoginTest@c540f5a]" started-at="2025-10-07T19:47:32 ICT" name="test_valid_login" finished-at="2025-10-07T19:47:32 ICT" duration-ms="287" status="PASS">
          <reporter-output>
          </reporter-output>
        </test-method> <!-- test_valid_login -->
        <test-method is-config="true" signature="teardown(org.testng.ITestResult)[pri:0, instance:tests.LoginTest@c540f5a]" started-at="2025-10-07T19:47:32 ICT" name="teardown" finished-at="2025-10-07T19:47:32 ICT" duration-ms="174" status="PASS">
          <params>
            <param index="0">
              <value>
                <![CDATA[[TestResult name=test_valid_login status=SUCCESS method=LoginTest.test_valid_login()[pri:0, instance:tests.LoginTest@c540f5a] output={null}]]]>
              </value>
            </param>
          </params>
          <reporter-output>
          </reporter-output>
        </test-method> <!-- teardown -->
      </class> <!-- tests.LoginTest -->
    </test> <!-- Surefire test -->
  </suite> <!-- Surefire suite -->
</testng-results>
